<?xml version="1.0" encoding="UTF-8"?>
<testng-results ignored="0" total="2" passed="2" failed="0" skipped="0">
  <reporter-output>
  </reporter-output>
  <suite started-at="2025-02-08T11:06:08 IST" name="Suite" finished-at="2025-02-08T11:06:23 IST" duration-ms="15215">
    <groups>
      <group name="Master">
        <method signature="TC001_AccountRegistrationTest.verify_account_registration()[pri:0, instance:testCases.TC001_AccountRegistrationTest@5d43661b]" name="verify_account_registration" class="testCases.TC001_AccountRegistrationTest"/>
        <method signature="TC002_Logintest.verifylogin()[pri:0, instance:testCases.TC002_Logintest@62833051]" name="verifylogin" class="testCases.TC002_Logintest"/>
      </group> <!-- Master -->
      <group name="Sanity">
        <method signature="TC002_Logintest.verifylogin()[pri:0, instance:testCases.TC002_Logintest@62833051]" name="verifylogin" class="testCases.TC002_Logintest"/>
      </group> <!-- Sanity -->
      <group name="Regression">
        <method signature="TC001_AccountRegistrationTest.verify_account_registration()[pri:0, instance:testCases.TC001_AccountRegistrationTest@5d43661b]" name="verify_account_registration" class="testCases.TC001_AccountRegistrationTest"/>
      </group> <!-- Regression -->
    </groups>
    <test started-at="2025-02-08T11:06:08 IST" name="Test" finished-at="2025-02-08T11:06:23 IST" duration-ms="15215">
      <class name="testCases.TC002_Logintest">
        <test-method is-config="true" signature="setup(java.lang.String,java.lang.String)[pri:0, instance:testCases.TC002_Logintest@62833051]" started-at="2025-02-08T11:06:17 IST" name="setup" finished-at="2025-02-08T11:06:20 IST" duration-ms="2609" status="PASS">
          <params>
            <param index="0">
              <value>
                <![CDATA[windows]]>
              </value>
            </param>
            <param index="1">
              <value>
                <![CDATA[chrome]]>
              </value>
            </param>
          </params>
          <reporter-output>
          </reporter-output>
        </test-method> <!-- setup -->
        <test-method signature="verifylogin()[pri:0, instance:testCases.TC002_Logintest@62833051]" started-at="2025-02-08T11:06:20 IST" name="verifylogin" finished-at="2025-02-08T11:06:23 IST" duration-ms="2918" status="PASS">
          <reporter-output>
          </reporter-output>
        </test-method> <!-- verifylogin -->
        <test-method is-config="true" signature="teardown()[pri:0, instance:testCases.TC002_Logintest@62833051]" started-at="2025-02-08T11:06:23 IST" name="teardown" finished-at="2025-02-08T11:06:23 IST" duration-ms="426" status="PASS">
          <reporter-output>
          </reporter-output>
        </test-method> <!-- teardown -->
      </class> <!-- testCases.TC002_Logintest -->
      <class name="testCases.TC001_AccountRegistrationTest">
        <test-method is-config="true" signature="setup(java.lang.String,java.lang.String)[pri:0, instance:testCases.TC001_AccountRegistrationTest@5d43661b]" started-at="2025-02-08T11:06:08 IST" name="setup" finished-at="2025-02-08T11:06:13 IST" duration-ms="4872" status="PASS">
          <params>
            <param index="0">
              <value>
                <![CDATA[windows]]>
              </value>
            </param>
            <param index="1">
              <value>
                <![CDATA[chrome]]>
              </value>
            </param>
          </params>
          <reporter-output>
          </reporter-output>
        </test-method> <!-- setup -->
        <test-method signature="verify_account_registration()[pri:0, instance:testCases.TC001_AccountRegistrationTest@5d43661b]" started-at="2025-02-08T11:06:13 IST" name="verify_account_registration" finished-at="2025-02-08T11:06:17 IST" duration-ms="3882" status="PASS">
          <reporter-output>
          </reporter-output>
        </test-method> <!-- verify_account_registration -->
        <test-method is-config="true" signature="teardown()[pri:0, instance:testCases.TC001_AccountRegistrationTest@5d43661b]" started-at="2025-02-08T11:06:17 IST" name="teardown" finished-at="2025-02-08T11:06:17 IST" duration-ms="441" status="PASS">
          <reporter-output>
          </reporter-output>
        </test-method> <!-- teardown -->
      </class> <!-- testCases.TC001_AccountRegistrationTest -->
    </test> <!-- Test -->
  </suite> <!-- Suite -->
</testng-results>
